
============================================================
🚀 [__init__] 启动绝对完美版分析器！(精准匹配 JSON 文件名)

============================================================
🚀 [__init__] 启动绝对完美版分析器！(精准匹配 JSON 文件名)
  iid=34 原始片段: 'inputs = [\n    [0]\n]'
  iid=35 原始片段: 'result = []'
  iid=6 原始片段: 'num = [int(digit) for digit in str(num)]'
  iid=7 原始片段: 'n = len(num)'
  iid=8 原始片段: 'mid = n // 2'
  iid=9 原始片段: 'left_smaller = False'
  iid=10 原始片段: 'i = mid - 1'
  iid=11 原始片段: 'j = mid + 1 if n % 2 else mid'
  iid=15 原始片段: 'left_smaller = True'
  iid=20 原始片段: 'carry = 1'
  iid=21 原始片段: 'i = mid - 1'
  iid=22 原始片段: 'num[mid] += carry'
  iid=23 原始片段: 'carry = num[mid] // 10'
  iid=24 原始片段: 'num[mid] %= 10'
  iid=25 原始片段: 'j = mid + 1'

============================================================
🚀 [__init__] 启动绝对完美版分析器！(精准匹配 JSON 文件名)

============================================================
🚀 [__init__] 启动绝对完美版分析器！(精准匹配 JSON 文件名)
  iid=3 原始片段: 'inputs = [\n    [[12, 3, 5, 7, 19], 2]\n]'
  iid=4 原始片段: 'result = []'

============================================================
🚀 [__init__] 启动绝对完美版分析器！(精准匹配 JSON 文件名)

============================================================
🚀 [__init__] 启动绝对完美版分析器！(精准匹配 JSON 文件名)
  iid=3 原始片段: "inputs = [\n    ['python_program']\n]"
  iid=4 原始片段: 'result = []'
